SF:/home/fernando/source/repos/PII_Ejercicio_Debug_Test/src/Library/Phrase.cs
FN:31,System.Void WordsPhrases.Phrase::AddWord(WordsPhrases.Word)
FNDA:5,System.Void WordsPhrases.Phrase::AddWord(WordsPhrases.Word)
DA:32,5
DA:33,5
DA:34,5
FN:40,System.Void WordsPhrases.Phrase::RemoveWord(WordsPhrases.Word)
FNDA:1,System.Void WordsPhrases.Phrase::RemoveWord(WordsPhrases.Word)
DA:41,1
DA:42,1
DA:43,1
FN:49,System.String WordsPhrases.Phrase::GetPhrase()
FNDA:2,System.String WordsPhrases.Phrase::GetPhrase()
DA:50,2
DA:51,2
DA:53,14
DA:54,4
DA:55,4
DA:56,4
DA:57,4
DA:59,2
DA:63,2
DA:64,2
BRDA:53,67,1,4
BRDA:53,67,0,2
FN:21,System.Void WordsPhrases.Phrase::.ctor()
FNDA:3,System.Void WordsPhrases.Phrase::.ctor()
DA:22,3
DA:23,3
DA:24,3
DA:25,3
LF:20
LH:20
BRF:2
BRH:2
FNF:4
FNH:4
end_of_record
SF:/home/fernando/source/repos/PII_Ejercicio_Debug_Test/src/Library/Word.cs
FN:31,System.String WordsPhrases.Word::get_Text()
FNDA:7,System.String WordsPhrases.Word::get_Text()
DA:32,7
DA:33,7
DA:34,7
FN:36,System.Void WordsPhrases.Word::set_Text(System.String)
FNDA:9,System.Void WordsPhrases.Word::set_Text(System.String)
DA:37,9
DA:38,9
DA:39,9
FN:18,System.Void WordsPhrases.Word::.ctor(System.String)
FNDA:8,System.Void WordsPhrases.Word::.ctor(System.String)
DA:19,8
DA:20,8
DA:21,8
DA:22,8
LF:10
LH:10
BRF:0
BRH:0
FNF:3
FNH:3
end_of_record