SF:/home/fernando/source/repos/PII_Recipies_Serialization_End/src/Library/Equipment.cs
FN:28,System.String Recipies.Equipment::get_Description()
FNDA:14,System.String Recipies.Equipment::get_Description()
DA:29,14
FN:30,System.Double Recipies.Equipment::get_HourlyCost()
FNDA:12,System.Double Recipies.Equipment::get_HourlyCost()
DA:31,12
FN:33,System.String Recipies.Equipment::ConvertToJson()
FNDA:1,System.String Recipies.Equipment::ConvertToJson()
DA:34,1
DA:35,1
DA:36,1
FN:38,System.Void Recipies.Equipment::LoadFromJson(System.String)
FNDA:1,System.Void Recipies.Equipment::LoadFromJson(System.String)
DA:39,1
DA:40,1
DA:41,1
DA:42,1
DA:43,1
FN:14,System.Void Recipies.Equipment::.ctor(System.String,System.Double)
FNDA:6,System.Void Recipies.Equipment::.ctor(System.String,System.Double)
DA:15,6
DA:16,6
DA:17,6
DA:18,6
DA:19,6
FN:20,System.Void Recipies.Equipment::.ctor(System.String)
FNDA:1,System.Void Recipies.Equipment::.ctor(System.String)
DA:21,1
DA:22,1
DA:26,1
DA:27,1
LF:19
LH:19
BRF:0
BRH:0
FNF:6
FNH:6
end_of_record
SF:/home/fernando/source/repos/PII_Recipies_Serialization_End/src/Library/Product.cs
FN:27,System.String Recipies.Product::get_Description()
FNDA:15,System.String Recipies.Product::get_Description()
DA:28,15
FN:29,System.Double Recipies.Product::get_UnitCost()
FNDA:13,System.Double Recipies.Product::get_UnitCost()
DA:30,13
FN:32,System.String Recipies.Product::ConvertToJson()
FNDA:1,System.String Recipies.Product::ConvertToJson()
DA:33,1
DA:34,1
DA:35,1
FN:37,System.Void Recipies.Product::LoadFromJson(System.String)
FNDA:1,System.Void Recipies.Product::LoadFromJson(System.String)
DA:38,1
DA:39,1
DA:40,1
DA:41,1
DA:42,1
FN:14,System.Void Recipies.Product::.ctor(System.String,System.Double)
FNDA:6,System.Void Recipies.Product::.ctor(System.String,System.Double)
DA:15,6
DA:16,6
DA:17,6
DA:18,6
DA:19,6
FN:20,System.Void Recipies.Product::.ctor(System.String)
FNDA:1,System.Void Recipies.Product::.ctor(System.String)
DA:21,1
DA:22,1
DA:26,1
DA:27,1
LF:19
LH:19
BRF:0
BRH:0
FNF:6
FNH:6
end_of_record
SF:/home/fernando/source/repos/PII_Recipies_Serialization_End/src/Library/Recipe.cs
FN:16,Recipies.Product Recipies.Recipe::get_FinalProduct()
FNDA:2,Recipies.Product Recipies.Recipe::get_FinalProduct()
DA:17,2
FN:19,System.Collections.ArrayList Recipies.Recipe::get_Steps()
FNDA:3,System.Collections.ArrayList Recipies.Recipe::get_Steps()
DA:20,3
FN:23,System.Void Recipies.Recipe::AddStep(Recipies.Step)
FNDA:1,System.Void Recipies.Recipe::AddStep(Recipies.Step)
DA:24,1
DA:25,1
DA:26,1
FN:28,System.Void Recipies.Recipe::RemoveStep(Recipies.Step)
FNDA:0,System.Void Recipies.Recipe::RemoveStep(Recipies.Step)
DA:29,0
DA:30,0
DA:31,0
FN:33,System.Void Recipies.Recipe::PrintRecipe()
FNDA:0,System.Void Recipies.Recipe::PrintRecipe()
DA:34,0
DA:35,0
DA:36,0
DA:37,0
DA:38,0
DA:39,0
DA:40,0
DA:41,0
BRDA:36,143,1,0
BRDA:36,143,0,0
FN:43,System.String Recipies.Recipe::ConvertToJson()
FNDA:1,System.String Recipies.Recipe::ConvertToJson()
DA:44,1
DA:45,1
DA:46,1
FN:48,System.Void Recipies.Recipe::LoadFromJson(System.String)
FNDA:0,System.Void Recipies.Recipe::LoadFromJson(System.String)
DA:49,0
DA:50,0
DA:51,0
DA:52,0
DA:53,0
DA:54,0
DA:55,0
BRDA:51,52,1,0
BRDA:51,52,0,0
LF:26
LH:8
BRF:4
BRH:0
FNF:7
FNH:4
end_of_record
SF:/home/fernando/source/repos/PII_Recipies_Serialization_End/src/Library/Step.cs
FN:32,Recipies.Product Recipies.Step::get_Input()
FNDA:12,Recipies.Product Recipies.Step::get_Input()
DA:33,12
FN:34,System.Double Recipies.Step::get_Quantity()
FNDA:12,System.Double Recipies.Step::get_Quantity()
DA:35,12
FN:36,System.Int32 Recipies.Step::get_Time()
FNDA:12,System.Int32 Recipies.Step::get_Time()
DA:37,12
FN:38,Recipies.Equipment Recipies.Step::get_Equipment()
FNDA:12,Recipies.Equipment Recipies.Step::get_Equipment()
DA:39,12
FN:41,System.String Recipies.Step::ConvertToJson()
FNDA:1,System.String Recipies.Step::ConvertToJson()
DA:42,1
DA:43,1
DA:44,1
FN:46,System.Void Recipies.Step::LoadFromJson(System.String)
FNDA:2,System.Void Recipies.Step::LoadFromJson(System.String)
DA:47,2
DA:48,2
DA:49,2
DA:50,2
DA:51,2
DA:52,2
DA:53,2
FN:14,System.Void Recipies.Step::.ctor(Recipies.Product,System.Double,Recipies.Equipment,System.Int32)
FNDA:4,System.Void Recipies.Step::.ctor(Recipies.Product,System.Double,Recipies.Equipment,System.Int32)
DA:15,4
DA:16,4
DA:17,4
DA:18,4
DA:19,4
DA:20,4
DA:21,4
FN:22,System.Void Recipies.Step::.ctor(System.String)
FNDA:2,System.Void Recipies.Step::.ctor(System.String)
DA:23,2
DA:24,2
DA:30,2
DA:31,2
LF:25
LH:25
BRF:0
BRH:0
FNF:8
FNH:8
end_of_record